0 info it worked if it ends with ok
1 verbose cli [ 'node', '/Users/khaliq/.node/bin/npm', 'install' ]
2 info using npm@2.0.2
3 info using node@v0.10.32
4 error install Couldn't read dependencies
5 verbose stack Error: Failed to parse json
5 verbose stack Unexpected token ]
5 verbose stack     at parseError (/Users/khaliq/.node/lib/node_modules/npm/node_modules/read-package-json/read-json.js:378:25)
5 verbose stack     at parseJson (/Users/khaliq/.node/lib/node_modules/npm/node_modules/read-package-json/read-json.js:85:51)
5 verbose stack     at /Users/khaliq/.node/lib/node_modules/npm/node_modules/read-package-json/read-json.js:59:33
5 verbose stack     at evalmachine.<anonymous>:271:14
5 verbose stack     at /Users/khaliq/.node/lib/node_modules/npm/node_modules/graceful-fs/graceful-fs.js:102:5
5 verbose stack     at Object.oncomplete (evalmachine.<anonymous>:107:15)
6 verbose cwd /Users/khaliq/Sites/ee-db-importer
7 error Darwin 13.4.0
8 error argv "node" "/Users/khaliq/.node/bin/npm" "install"
9 error node v0.10.32
10 error npm  v2.0.2
11 error file /Users/khaliq/Sites/ee-db-importer/package.json
12 error code EJSONPARSE
13 error Failed to parse json
13 error Unexpected token ]
14 error File: /Users/khaliq/Sites/ee-db-importer/package.json
15 error Failed to parse package.json data.
15 error package.json must be actual JSON, not just JavaScript.
15 error
15 error This is not a bug in npm.
15 error Tell the package author to fix their package.json file. JSON.parse
16 verbose exit [ 1, true ]
